# JRE version: OpenJDK Runtime Environment (17.0+35) (build 17+35-2724)
# Java VM: OpenJDK 64-Bit Server VM (17+35-2724, mixed mode, sharing, tiered, compressed oops, compressed class ptrs, g1 gc, windows-amd64)
GC Precious Log:
 CPUs: 16 total, 16 available
 Memory: 16024M
 Large Page Support: Disabled
 NUMA Support: Disabled
 Compressed Oops: Enabled (32-bit)
 Heap Region Size: 1M
 Heap Min Capacity: 8M
 Heap Initial Capacity: 252M
 Heap Max Capacity: 512M
 Pre-touch: Disabled
 Parallel Workers: 13
 Concurrent Workers: 3
 Concurrent Refinement Workers: 13
 Periodic GC: Disabled
Heap:
 garbage-first heap   total 81920K, used 41763K [0x00000000e0000000, 0x0000000100000000)
  region size 1024K, 5 young (5120K), 3 survivors (3072K)
 Metaspace       used 85946K, committed 86656K, reserved 1130496K
  class space    used 12065K, committed 12416K, reserved 1048576K
GC Heap History (20 events):
Event: 2.489 GC heap before
{Heap before GC invocations=13 (full 0):
 garbage-first heap   total 81920K, used 66454K [0x00000000e0000000, 0x0000000100000000)
  region size 1024K, 48 young (49152K), 5 survivors (5120K)
 Metaspace       used 42290K, committed 42752K, reserved 1089536K
  class space    used 5595K, committed 5824K, reserved 1048576K
}
Event: 2.492 GC heap after
{Heap after GC invocations=14 (full 0):
 garbage-first heap   total 81920K, used 25581K [0x00000000e0000000, 0x0000000100000000)
  region size 1024K, 6 young (6144K), 6 survivors (6144K)
 Metaspace       used 42290K, committed 42752K, reserved 1089536K
  class space    used 5595K, committed 5824K, reserved 1048576K
}
Event: 2.550 GC heap before
{Heap before GC invocations=14 (full 0):
 garbage-first heap   total 81920K, used 30701K [0x00000000e0000000, 0x0000000100000000)
  region size 1024K, 11 young (11264K), 6 survivors (6144K)
 Metaspace       used 43150K, committed 43584K, reserved 1089536K
  class space    used 5731K, committed 5952K, reserved 1048576K
}
Event: 2.553 GC heap after
{Heap after GC invocations=15 (full 0):
 garbage-first heap   total 81920K, used 26486K [0x00000000e0000000, 0x0000000100000000)
  region size 1024K, 1 young (1024K), 1 survivors (1024K)
 Metaspace       used 43150K, committed 43584K, reserved 1089536K
  class space    used 5731K, committed 5952K, reserved 1048576K
}
Event: 3.006 GC heap before
{Heap before GC invocations=15 (full 0):
 garbage-first heap   total 81920K, used 65398K [0x00000000e0000000, 0x0000000100000000)
  region size 1024K, 39 young (39936K), 1 survivors (1024K)
 Metaspace       used 53015K, committed 53504K, reserved 1097728K
  class space    used 7112K, committed 7360K, reserved 1048576K
}
Event: 3.008 GC heap after
{Heap after GC invocations=16 (full 0):
 garbage-first heap   total 81920K, used 27735K [0x00000000e0000000, 0x0000000100000000)
  region size 1024K, 3 young (3072K), 3 survivors (3072K)
 Metaspace       used 53015K, committed 53504K, reserved 1097728K
  class space    used 7112K, committed 7360K, reserved 1048576K
}
Event: 3.324 GC heap before
{Heap before GC invocations=16 (full 0):
 garbage-first heap   total 81920K, used 60503K [0x00000000e0000000, 0x0000000100000000)
  region size 1024K, 37 young (37888K), 3 survivors (3072K)
 Metaspace       used 59610K, committed 60160K, reserved 1105920K
  class space    used 7981K, committed 8256K, reserved 1048576K
}
Event: 3.326 GC heap after
{Heap after GC invocations=17 (full 0):
 garbage-first heap   total 81920K, used 29412K [0x00000000e0000000, 0x0000000100000000)
  region size 1024K, 4 young (4096K), 4 survivors (4096K)
 Metaspace       used 59610K, committed 60160K, reserved 1105920K
  class space    used 7981K, committed 8256K, reserved 1048576K
}
Event: 3.693 GC heap before
{Heap before GC invocations=18 (full 0):
 garbage-first heap   total 81920K, used 66276K [0x00000000e0000000, 0x0000000100000000)
  region size 1024K, 40 young (40960K), 4 survivors (4096K)
 Metaspace       used 67997K, committed 68608K, reserved 1114112K
  class space    used 9383K, committed 9664K, reserved 1048576K
}
Event: 3.695 GC heap after
{Heap after GC invocations=19 (full 0):
 garbage-first heap   total 81920K, used 30345K [0x00000000e0000000, 0x0000000100000000)
  region size 1024K, 3 young (3072K), 3 survivors (3072K)
 Metaspace       used 67997K, committed 68608K, reserved 1114112K
  class space    used 9383K, committed 9664K, reserved 1048576K
}
Event: 4.085 GC heap before
{Heap before GC invocations=19 (full 0):
 garbage-first heap   total 81920K, used 67209K [0x00000000e0000000, 0x0000000100000000)
  region size 1024K, 39 young (39936K), 3 survivors (3072K)
 Metaspace       used 74764K, committed 75328K, reserved 1114112K
  class space    used 10429K, committed 10688K, reserved 1048576K
}
Event: 4.088 GC heap after
{Heap after GC invocations=20 (full 0):
 garbage-first heap   total 81920K, used 33275K [0x00000000e0000000, 0x0000000100000000)
  region size 1024K, 5 young (5120K), 5 survivors (5120K)
 Metaspace       used 74764K, committed 75328K, reserved 1114112K
  class space    used 10429K, committed 10688K, reserved 1048576K
}
Event: 4.208 GC heap before
{Heap before GC invocations=20 (full 0):
 garbage-first heap   total 81920K, used 66043K [0x00000000e0000000, 0x0000000100000000)
  region size 1024K, 37 young (37888K), 5 survivors (5120K)
 Metaspace       used 76840K, committed 77440K, reserved 1122304K
  class space    used 10834K, committed 11136K, reserved 1048576K
}
Event: 4.211 GC heap after
{Heap after GC invocations=21 (full 0):
 garbage-first heap   total 81920K, used 35107K [0x00000000e0000000, 0x0000000100000000)
  region size 1024K, 2 young (2048K), 2 survivors (2048K)
 Metaspace       used 76840K, committed 77440K, reserved 1122304K
  class space    used 10834K, committed 11136K, reserved 1048576K
}
Event: 4.345 GC heap before
{Heap before GC invocations=21 (full 0):
 garbage-first heap   total 81920K, used 65827K [0x00000000e0000000, 0x0000000100000000)
  region size 1024K, 33 young (33792K), 2 survivors (2048K)
 Metaspace       used 78992K, committed 79616K, reserved 1122304K
  class space    used 11139K, committed 11392K, reserved 1048576K
}
Event: 4.347 GC heap after
{Heap after GC invocations=22 (full 0):
 garbage-first heap   total 81920K, used 36256K [0x00000000e0000000, 0x0000000100000000)
  region size 1024K, 4 young (4096K), 4 survivors (4096K)
 Metaspace       used 78992K, committed 79616K, reserved 1122304K
  class space    used 11139K, committed 11392K, reserved 1048576K
}
Event: 4.560 GC heap before
{Heap before GC invocations=22 (full 0):
 garbage-first heap   total 81920K, used 65952K [0x00000000e0000000, 0x0000000100000000)
  region size 1024K, 33 young (33792K), 4 survivors (4096K)
 Metaspace       used 81706K, committed 82304K, reserved 1122304K
  class space    used 11484K, committed 11776K, reserved 1048576K
}
Event: 4.562 GC heap after
{Heap after GC invocations=23 (full 0):
 garbage-first heap   total 81920K, used 38012K [0x00000000e0000000, 0x0000000100000000)
  region size 1024K, 4 young (4096K), 4 survivors (4096K)
 Metaspace       used 81706K, committed 82304K, reserved 1122304K
  class space    used 11484K, committed 11776K, reserved 1048576K
}
Event: 4.911 GC heap before
{Heap before GC invocations=23 (full 0):
 garbage-first heap   total 81920K, used 66684K [0x00000000e0000000, 0x0000000100000000)
  region size 1024K, 32 young (32768K), 4 survivors (4096K)
 Metaspace       used 85414K, committed 86080K, reserved 1122304K
  class space    used 11992K, committed 12352K, reserved 1048576K
}
Event: 4.914 GC heap after
{Heap after GC invocations=24 (full 0):
 garbage-first heap   total 81920K, used 40739K [0x00000000e0000000, 0x0000000100000000)
  region size 1024K, 3 young (3072K), 3 survivors (3072K)
 Metaspace       used 85414K, committed 86080K, reserved 1122304K
  class space    used 11992K, committed 12352K, reserved 1048576K
}

